[ 2015-04-22T10:42:54+08:00 ] ::1 /cs/index.php?m=Admin&c=Public&a=login
INFO: [ app_init ] --START--
INFO: Run Behavior\BuildLiteBehavior [ RunTime:0.000000s ]
INFO: Run Common\Behavior\InitHookBehavior [ RunTime:0.103005s ]
INFO: [ app_init ] --END-- [ RunTime:0.104006s ]
INFO: [ app_begin ] --START--
INFO: Run Behavior\ReadHtmlCacheBehavior [ RunTime:0.016001s ]
INFO: [ app_begin ] --END-- [ RunTime:0.017001s ]
SQL: SHOW COLUMNS FROM `cs_config` [ RunTime:0.1120s ]
SQL: SELECT `value` FROM `cs_config` WHERE `name` = 'VERIFY_OPEN' LIMIT 1   [ RunTime:0.0100s ]

[ 2015-04-22T10:42:56+08:00 ] ::1 /cs/index.php?m=Admin&c=Index&a=index
INFO: [ app_init ] --START--
INFO: Run Behavior\BuildLiteBehavior [ RunTime:0.000000s ]
INFO: Run Common\Behavior\InitHookBehavior [ RunTime:0.002000s ]
INFO: [ app_init ] --END-- [ RunTime:0.003000s ]
INFO: [ app_begin ] --START--
INFO: Run Behavior\ReadHtmlCacheBehavior [ RunTime:0.000000s ]
INFO: [ app_begin ] --END-- [ RunTime:0.000000s ]
SQL: SHOW COLUMNS FROM `cs_role_user` [ RunTime:0.0510s ]
SQL: SELECT `user_id` FROM `cs_role_user`  [ RunTime:0.0160s ]
SQL: SHOW COLUMNS FROM `cs_mrole_user` [ RunTime:0.1220s ]
SQL: DELETE FROM `cs_mrole_user` WHERE `user_id` = 1 [ RunTime:0.0220s ]
SQL: DELETE FROM `cs_mrole_user` WHERE `user_id` = 504 [ RunTime:0.0000s ]
SQL: SELECT `user_id` FROM `cs_role_user` WHERE ( role_id=4 )  [ RunTime:0.0010s ]
SQL: SHOW COLUMNS FROM `cs_teacher` [ RunTime:0.0820s ]
SQL: SELECT COUNT(*) AS tp_count FROM `cs_teacher` WHERE `id` = 504 LIMIT 1   [ RunTime:0.0000s ]
SQL: SELECT `user_id` FROM `cs_mrole_user` WHERE ( role_id=1 )  [ RunTime:0.0010s ]
SQL: SHOW COLUMNS FROM `cs_student` [ RunTime:0.1730s ]
SQL: SELECT COUNT(*) AS tp_count FROM `cs_student` WHERE `id` = 502 LIMIT 1   [ RunTime:0.0010s ]
SQL: SELECT COUNT(*) AS tp_count FROM `cs_student` WHERE `id` = 505 LIMIT 1   [ RunTime:0.0010s ]
SQL: SHOW COLUMNS FROM `cs_faculty` [ RunTime:0.0570s ]
SQL: SELECT * FROM `cs_faculty` WHERE ( status=1 ) ORDER BY sort ASC  [ RunTime:0.0020s ]
SQL: SHOW COLUMNS FROM `cs_subject` [ RunTime:0.0670s ]
SQL: SELECT * FROM `cs_subject` WHERE ( status=1 ) ORDER BY sort  [ RunTime:0.0010s ]
SQL: SHOW COLUMNS FROM `cs_course` [ RunTime:0.0370s ]
SQL: SELECT * FROM `cs_course` WHERE ( status=1 ) ORDER BY sort  [ RunTime:0.0010s ]
SQL: SELECT * FROM `cs_teacher` WHERE ( status=1 ) ORDER BY sort  [ RunTime:0.0000s ]
SQL: SHOW COLUMNS FROM `cs_group` [ RunTime:0.0880s ]
SQL: SELECT * FROM `cs_group` WHERE `status` = 1 ORDER BY sort asc  [ RunTime:0.0010s ]
SQL: SHOW COLUMNS FROM `cs_node` [ RunTime:0.0500s ]
SQL: SELECT `id`,`name`,`group_id`,`title`,`remark`,`icon` FROM `cs_node` WHERE `level` = 2 AND `status` = 1 AND `pid` = 1 ORDER BY sort asc  [ RunTime:0.0410s ]
SQL: SHOW COLUMNS FROM `cs_addons` [ RunTime:0.0590s ]
SQL: SELECT `title`,`name` FROM `cs_addons` WHERE ( status=1 AND has_adminlist=1 )  [ RunTime:0.0000s ]
SQL: SHOW COLUMNS FROM `cs_member` [ RunTime:0.0590s ]
SQL: SHOW COLUMNS FROM `cs_ucenter_member` [ RunTime:0.0530s ]
SQL: SHOW COLUMNS FROM `cs_member` [ RunTime:0.0060s ]
SQL: SELECT `nickname` FROM `cs_member` WHERE `uid` = 1 LIMIT 1   [ RunTime:0.0010s ]
NOTIC: [8] Use of undefined constant ZS_ADDON_PATH - assumed 'ZS_ADDON_PATH' D:\xampp\htdocs\CS\App\Common\Controller\Addon.class.php 第 39 行.
SQL: SHOW COLUMNS FROM `cs_avatar` [ RunTime:0.0520s ]
SQL: SELECT * FROM `cs_avatar` WHERE `uid` = 1 AND `status` = 1 AND `is_temp` = 0 LIMIT 1   [ RunTime:0.0010s ]
NOTIC: [8] Undefined index: nickname D:\xampp\htdocs\CS\App\Common\Common\user.php 第 338 行.
SQL: SHOW COLUMNS FROM `cs_article` [ RunTime:0.0680s ]
SQL: SELECT SUM(view) AS tp_sum FROM `cs_article` WHERE `status` = 1 LIMIT 1   [ RunTime:0.0610s ]
SQL: SELECT COUNT(*) AS tp_count FROM `cs_article` WHERE `status` = 1 LIMIT 1   [ RunTime:0.0000s ]
SQL: SHOW COLUMNS FROM `cs_member` [ RunTime:0.0030s ]
SQL: SELECT COUNT(*) AS tp_count FROM `cs_member` WHERE `status` = 1 LIMIT 1   [ RunTime:0.0000s ]
SQL: SHOW COLUMNS FROM `cs_syslogs` [ RunTime:0.0750s ]
SQL: SELECT * FROM `cs_syslogs` ORDER BY id desc LIMIT 10   [ RunTime:0.0010s ]
INFO: [ view_begin ] --START--
INFO: Run Common\Behavior\basictemplateBehavior [ RunTime:0.010000s ]
INFO: [ view_begin ] --END-- [ RunTime:0.010000s ]
INFO: [ view_parse ] --START--
INFO: [ template_filter ] --START--
INFO: Run Behavior\ContentReplaceBehavior [ RunTime:0.000000s ]
INFO: [ template_filter ] --END-- [ RunTime:0.000000s ]
NOTIC: [8] Undefined index: hassub D:\xampp\htdocs\CS\Runtime\App\Cache\Admin\9df924d9a2d217daa77a359c5bee0c33.php 第 55 行.
NOTIC: [8] Undefined index: hassub D:\xampp\htdocs\CS\Runtime\App\Cache\Admin\9df924d9a2d217daa77a359c5bee0c33.php 第 55 行.
NOTIC: [8] Undefined index: hassub D:\xampp\htdocs\CS\Runtime\App\Cache\Admin\9df924d9a2d217daa77a359c5bee0c33.php 第 55 行.
NOTIC: [8] Undefined index: hassub D:\xampp\htdocs\CS\Runtime\App\Cache\Admin\9df924d9a2d217daa77a359c5bee0c33.php 第 55 行.
NOTIC: [8] Undefined index: hassub D:\xampp\htdocs\CS\Runtime\App\Cache\Admin\9df924d9a2d217daa77a359c5bee0c33.php 第 55 行.
NOTIC: [8] Undefined index: hassub D:\xampp\htdocs\CS\Runtime\App\Cache\Admin\9df924d9a2d217daa77a359c5bee0c33.php 第 55 行.
NOTIC: [8] Undefined index: hassub D:\xampp\htdocs\CS\Runtime\App\Cache\Admin\9df924d9a2d217daa77a359c5bee0c33.php 第 55 行.
NOTIC: [8] Undefined index: hassub D:\xampp\htdocs\CS\Runtime\App\Cache\Admin\9df924d9a2d217daa77a359c5bee0c33.php 第 55 行.
NOTIC: [8] Undefined index: hassub D:\xampp\htdocs\CS\Runtime\App\Cache\Admin\9df924d9a2d217daa77a359c5bee0c33.php 第 55 行.
NOTIC: [8] Undefined index: hassub D:\xampp\htdocs\CS\Runtime\App\Cache\Admin\9df924d9a2d217daa77a359c5bee0c33.php 第 55 行.
NOTIC: [8] Undefined index: hassub D:\xampp\htdocs\CS\Runtime\App\Cache\Admin\9df924d9a2d217daa77a359c5bee0c33.php 第 55 行.
NOTIC: [8] Undefined index: hassub D:\xampp\htdocs\CS\Runtime\App\Cache\Admin\9df924d9a2d217daa77a359c5bee0c33.php 第 55 行.
NOTIC: [8] Undefined index: hassub D:\xampp\htdocs\CS\Runtime\App\Cache\Admin\9df924d9a2d217daa77a359c5bee0c33.php 第 55 行.
NOTIC: [8] Undefined index: hassub D:\xampp\htdocs\CS\Runtime\App\Cache\Admin\9df924d9a2d217daa77a359c5bee0c33.php 第 55 行.
NOTIC: [8] Undefined index: hassub D:\xampp\htdocs\CS\Runtime\App\Cache\Admin\9df924d9a2d217daa77a359c5bee0c33.php 第 55 行.
NOTIC: [8] Undefined index: hassub D:\xampp\htdocs\CS\Runtime\App\Cache\Admin\9df924d9a2d217daa77a359c5bee0c33.php 第 55 行.
NOTIC: [8] Undefined index: hassub D:\xampp\htdocs\CS\Runtime\App\Cache\Admin\9df924d9a2d217daa77a359c5bee0c33.php 第 55 行.
NOTIC: [8] Undefined index: hassub D:\xampp\htdocs\CS\Runtime\App\Cache\Admin\9df924d9a2d217daa77a359c5bee0c33.php 第 55 行.
NOTIC: [8] Undefined index: hassub D:\xampp\htdocs\CS\Runtime\App\Cache\Admin\9df924d9a2d217daa77a359c5bee0c33.php 第 55 行.
NOTIC: [8] Undefined index: hassub D:\xampp\htdocs\CS\Runtime\App\Cache\Admin\9df924d9a2d217daa77a359c5bee0c33.php 第 55 行.
NOTIC: [8] Undefined index: hassub D:\xampp\htdocs\CS\Runtime\App\Cache\Admin\9df924d9a2d217daa77a359c5bee0c33.php 第 55 行.
NOTIC: [8] Undefined index: hassub D:\xampp\htdocs\CS\Runtime\App\Cache\Admin\9df924d9a2d217daa77a359c5bee0c33.php 第 55 行.
NOTIC: [8] Undefined index: hassub D:\xampp\htdocs\CS\Runtime\App\Cache\Admin\9df924d9a2d217daa77a359c5bee0c33.php 第 55 行.
NOTIC: [8] Undefined index: hassub D:\xampp\htdocs\CS\Runtime\App\Cache\Admin\9df924d9a2d217daa77a359c5bee0c33.php 第 55 行.
NOTIC: [8] Undefined index: hassub D:\xampp\htdocs\CS\Runtime\App\Cache\Admin\9df924d9a2d217daa77a359c5bee0c33.php 第 55 行.
NOTIC: [8] Undefined index: hassub D:\xampp\htdocs\CS\Runtime\App\Cache\Admin\9df924d9a2d217daa77a359c5bee0c33.php 第 55 行.
NOTIC: [8] Undefined index: id D:\xampp\htdocs\CS\Runtime\App\Cache\Admin\9df924d9a2d217daa77a359c5bee0c33.php 第 293 行.
INFO: Run Behavior\ParseTemplateBehavior [ RunTime:0.089005s ]
INFO: [ view_parse ] --END-- [ RunTime:0.089005s ]
INFO: [ view_filter ] --START--
INFO: Run Behavior\WriteHtmlCacheBehavior [ RunTime:0.009001s ]
INFO: [ view_filter ] --END-- [ RunTime:0.009001s ]
INFO: [ app_end ] --START--
INFO: Run Behavior\ShowPageTraceBehavior [ RunTime:0.017001s ]
INFO: [ app_end ] --END-- [ RunTime:0.017001s ]

[ 2015-04-22T10:43:00+08:00 ] ::1 /cs/index.php?m=Admin&c=Teacher&a=index
INFO: [ app_init ] --START--
INFO: Run Behavior\BuildLiteBehavior [ RunTime:0.000000s ]
INFO: Run Common\Behavior\InitHookBehavior [ RunTime:0.004000s ]
INFO: [ app_init ] --END-- [ RunTime:0.004000s ]
INFO: [ app_begin ] --START--
INFO: Run Behavior\ReadHtmlCacheBehavior [ RunTime:0.001000s ]
INFO: [ app_begin ] --END-- [ RunTime:0.001000s ]
SQL: SHOW COLUMNS FROM `cs_role_user` [ RunTime:0.0050s ]
SQL: SELECT `user_id` FROM `cs_role_user`  [ RunTime:0.0000s ]
SQL: SHOW COLUMNS FROM `cs_mrole_user` [ RunTime:0.0030s ]
SQL: DELETE FROM `cs_mrole_user` WHERE `user_id` = 1 [ RunTime:0.0010s ]
SQL: DELETE FROM `cs_mrole_user` WHERE `user_id` = 504 [ RunTime:0.0000s ]
SQL: SELECT `user_id` FROM `cs_role_user` WHERE ( role_id=4 )  [ RunTime:0.0010s ]
SQL: SHOW COLUMNS FROM `cs_teacher` [ RunTime:0.0030s ]
SQL: SELECT COUNT(*) AS tp_count FROM `cs_teacher` WHERE `id` = 504 LIMIT 1   [ RunTime:0.0000s ]
SQL: SELECT `user_id` FROM `cs_mrole_user` WHERE ( role_id=1 )  [ RunTime:0.0010s ]
SQL: SHOW COLUMNS FROM `cs_student` [ RunTime:0.0040s ]
SQL: SELECT COUNT(*) AS tp_count FROM `cs_student` WHERE `id` = 502 LIMIT 1   [ RunTime:0.0000s ]
SQL: SELECT COUNT(*) AS tp_count FROM `cs_student` WHERE `id` = 505 LIMIT 1   [ RunTime:0.0010s ]
SQL: SHOW COLUMNS FROM `cs_faculty` [ RunTime:0.0030s ]
SQL: SELECT * FROM `cs_faculty` WHERE ( status=1 ) ORDER BY sort ASC  [ RunTime:0.0000s ]
SQL: SHOW COLUMNS FROM `cs_subject` [ RunTime:0.0500s ]
SQL: SELECT * FROM `cs_subject` WHERE ( status=1 ) ORDER BY sort  [ RunTime:0.0010s ]
SQL: SHOW COLUMNS FROM `cs_course` [ RunTime:0.0030s ]
SQL: SELECT * FROM `cs_course` WHERE ( status=1 ) ORDER BY sort  [ RunTime:0.0010s ]
SQL: SELECT * FROM `cs_teacher` WHERE ( status=1 ) ORDER BY sort  [ RunTime:0.0000s ]
SQL: SHOW COLUMNS FROM `cs_group` [ RunTime:0.0030s ]
SQL: SELECT * FROM `cs_group` WHERE `status` = 1 ORDER BY sort asc  [ RunTime:0.0000s ]
SQL: SHOW COLUMNS FROM `cs_node` [ RunTime:0.0030s ]
SQL: SELECT `id`,`name`,`group_id`,`title`,`remark`,`icon` FROM `cs_node` WHERE `level` = 2 AND `status` = 1 AND `pid` = 1 ORDER BY sort asc  [ RunTime:0.0010s ]
SQL: SHOW COLUMNS FROM `cs_addons` [ RunTime:0.0030s ]
SQL: SELECT `title`,`name` FROM `cs_addons` WHERE ( status=1 AND has_adminlist=1 )  [ RunTime:0.0000s ]
SQL: SHOW COLUMNS FROM `cs_node` [ RunTime:0.0030s ]
SQL: SELECT * FROM `cs_node` WHERE `remark` = 'index' AND `name` = 'Teacher' LIMIT 1   [ RunTime:0.0010s ]
SQL: SELECT * FROM `cs_node` WHERE `level` = 2 AND `name` = 'Teacher' AND `remark` = '' LIMIT 1   [ RunTime:0.4890s ]
SQL: SHOW COLUMNS FROM `cs_group` [ RunTime:0.0030s ]
SQL: SELECT `id`,`title` FROM `cs_group`  [ RunTime:0.0000s ]
SQL: SHOW COLUMNS FROM `cs_member` [ RunTime:0.0030s ]
SQL: SHOW COLUMNS FROM `cs_ucenter_member` [ RunTime:0.0040s ]
SQL: SHOW COLUMNS FROM `cs_member` [ RunTime:0.0030s ]
SQL: SELECT `nickname` FROM `cs_member` WHERE `uid` = 1 LIMIT 1   [ RunTime:0.0000s ]
NOTIC: [8] Use of undefined constant ZS_ADDON_PATH - assumed 'ZS_ADDON_PATH' D:\xampp\htdocs\CS\App\Common\Controller\Addon.class.php 第 39 行.
SQL: SHOW COLUMNS FROM `cs_avatar` [ RunTime:0.0030s ]
SQL: SELECT * FROM `cs_avatar` WHERE `uid` = 1 AND `status` = 1 AND `is_temp` = 0 LIMIT 1   [ RunTime:0.0010s ]
NOTIC: [8] Undefined index: nickname D:\xampp\htdocs\CS\App\Common\Common\user.php 第 338 行.
SQL: SHOW COLUMNS FROM `cs_teacher` [ RunTime:0.0030s ]
NOTIC: [8] Undefined index: name D:\xampp\htdocs\CS\App\Admin\Controller\TeacherController.class.php 第 8 行.
SQL: SELECT * FROM `cs_teacher` WHERE `name` LIKE '%%'  [ RunTime:0.0010s ]
INFO: [ view_begin ] --START--
INFO: Run Common\Behavior\basictemplateBehavior [ RunTime:0.001000s ]
INFO: [ view_begin ] --END-- [ RunTime:0.001000s ]
INFO: [ view_parse ] --START--
INFO: [ template_filter ] --START--
INFO: Run Behavior\ContentReplaceBehavior [ RunTime:0.000000s ]
INFO: [ template_filter ] --END-- [ RunTime:0.000000s ]
NOTIC: [8] Undefined index: hassub D:\xampp\htdocs\CS\Runtime\App\Cache\Admin\4179a23012e19e44438be2cdff08a950.php 第 55 行.
NOTIC: [8] Undefined index: hassub D:\xampp\htdocs\CS\Runtime\App\Cache\Admin\4179a23012e19e44438be2cdff08a950.php 第 55 行.
NOTIC: [8] Undefined index: hassub D:\xampp\htdocs\CS\Runtime\App\Cache\Admin\4179a23012e19e44438be2cdff08a950.php 第 55 行.
NOTIC: [8] Undefined index: hassub D:\xampp\htdocs\CS\Runtime\App\Cache\Admin\4179a23012e19e44438be2cdff08a950.php 第 55 行.
NOTIC: [8] Undefined index: hassub D:\xampp\htdocs\CS\Runtime\App\Cache\Admin\4179a23012e19e44438be2cdff08a950.php 第 55 行.
NOTIC: [8] Undefined index: hassub D:\xampp\htdocs\CS\Runtime\App\Cache\Admin\4179a23012e19e44438be2cdff08a950.php 第 55 行.
NOTIC: [8] Undefined index: hassub D:\xampp\htdocs\CS\Runtime\App\Cache\Admin\4179a23012e19e44438be2cdff08a950.php 第 55 行.
NOTIC: [8] Undefined index: hassub D:\xampp\htdocs\CS\Runtime\App\Cache\Admin\4179a23012e19e44438be2cdff08a950.php 第 55 行.
NOTIC: [8] Undefined index: hassub D:\xampp\htdocs\CS\Runtime\App\Cache\Admin\4179a23012e19e44438be2cdff08a950.php 第 55 行.
NOTIC: [8] Undefined index: hassub D:\xampp\htdocs\CS\Runtime\App\Cache\Admin\4179a23012e19e44438be2cdff08a950.php 第 55 行.
NOTIC: [8] Undefined index: hassub D:\xampp\htdocs\CS\Runtime\App\Cache\Admin\4179a23012e19e44438be2cdff08a950.php 第 55 行.
NOTIC: [8] Undefined index: hassub D:\xampp\htdocs\CS\Runtime\App\Cache\Admin\4179a23012e19e44438be2cdff08a950.php 第 55 行.
NOTIC: [8] Undefined index: hassub D:\xampp\htdocs\CS\Runtime\App\Cache\Admin\4179a23012e19e44438be2cdff08a950.php 第 55 行.
NOTIC: [8] Undefined index: hassub D:\xampp\htdocs\CS\Runtime\App\Cache\Admin\4179a23012e19e44438be2cdff08a950.php 第 55 行.
NOTIC: [8] Undefined index: hassub D:\xampp\htdocs\CS\Runtime\App\Cache\Admin\4179a23012e19e44438be2cdff08a950.php 第 55 行.
NOTIC: [8] Undefined index: hassub D:\xampp\htdocs\CS\Runtime\App\Cache\Admin\4179a23012e19e44438be2cdff08a950.php 第 55 行.
NOTIC: [8] Undefined index: hassub D:\xampp\htdocs\CS\Runtime\App\Cache\Admin\4179a23012e19e44438be2cdff08a950.php 第 55 行.
NOTIC: [8] Undefined index: hassub D:\xampp\htdocs\CS\Runtime\App\Cache\Admin\4179a23012e19e44438be2cdff08a950.php 第 55 行.
NOTIC: [8] Undefined index: hassub D:\xampp\htdocs\CS\Runtime\App\Cache\Admin\4179a23012e19e44438be2cdff08a950.php 第 55 行.
NOTIC: [8] Undefined index: hassub D:\xampp\htdocs\CS\Runtime\App\Cache\Admin\4179a23012e19e44438be2cdff08a950.php 第 55 行.
NOTIC: [8] Undefined index: hassub D:\xampp\htdocs\CS\Runtime\App\Cache\Admin\4179a23012e19e44438be2cdff08a950.php 第 55 行.
NOTIC: [8] Undefined index: hassub D:\xampp\htdocs\CS\Runtime\App\Cache\Admin\4179a23012e19e44438be2cdff08a950.php 第 55 行.
NOTIC: [8] Undefined index: hassub D:\xampp\htdocs\CS\Runtime\App\Cache\Admin\4179a23012e19e44438be2cdff08a950.php 第 55 行.
NOTIC: [8] Undefined index: hassub D:\xampp\htdocs\CS\Runtime\App\Cache\Admin\4179a23012e19e44438be2cdff08a950.php 第 55 行.
NOTIC: [8] Undefined index: hassub D:\xampp\htdocs\CS\Runtime\App\Cache\Admin\4179a23012e19e44438be2cdff08a950.php 第 55 行.
NOTIC: [8] Undefined index: hassub D:\xampp\htdocs\CS\Runtime\App\Cache\Admin\4179a23012e19e44438be2cdff08a950.php 第 55 行.
NOTIC: [8] Undefined index: name D:\xampp\htdocs\CS\Runtime\App\Cache\Admin\4179a23012e19e44438be2cdff08a950.php 第 163 行.
INFO: Run Behavior\ParseTemplateBehavior [ RunTime:0.060003s ]
INFO: [ view_parse ] --END-- [ RunTime:0.060003s ]
INFO: [ view_filter ] --START--
INFO: Run Behavior\WriteHtmlCacheBehavior [ RunTime:0.000000s ]
INFO: [ view_filter ] --END-- [ RunTime:0.000000s ]
INFO: [ app_end ] --START--
INFO: Run Behavior\ShowPageTraceBehavior [ RunTime:0.001000s ]
INFO: [ app_end ] --END-- [ RunTime:0.001000s ]

