[ 2015-04-27T14:40:24+08:00 ] ::1 /cs/index.php?m=Admin&c=Public&a=login
INFO: [ app_init ] --START--
INFO: Run Behavior\BuildLiteBehavior [ RunTime:0.000000s ]
INFO: Run Common\Behavior\InitHookBehavior [ RunTime:0.086005s ]
INFO: [ app_init ] --END-- [ RunTime:0.088005s ]
INFO: [ app_begin ] --START--
INFO: Run Behavior\ReadHtmlCacheBehavior [ RunTime:0.004000s ]
INFO: [ app_begin ] --END-- [ RunTime:0.004000s ]
SQL: SHOW COLUMNS FROM `cs_config` [ RunTime:1.2491s ]
SQL: SELECT `value` FROM `cs_config` WHERE `name` = 'VERIFY_OPEN' LIMIT 1   [ RunTime:0.0930s ]
INFO: [ view_begin ] --START--
INFO: Run Common\Behavior\basictemplateBehavior [ RunTime:0.010001s ]
INFO: [ view_begin ] --END-- [ RunTime:0.010001s ]
INFO: [ view_parse ] --START--
INFO: [ template_filter ] --START--
INFO: Run Behavior\ContentReplaceBehavior [ RunTime:0.000000s ]
INFO: [ template_filter ] --END-- [ RunTime:0.000000s ]
NOTIC: [8] Undefined variable: breadcrumb D:\xampp\htdocs\CS\Runtime\App\Cache\Admin\7c89c4e03b5756e9b4543663c7c8599d.php 第 172 行.
INFO: Run Behavior\ParseTemplateBehavior [ RunTime:0.118007s ]
INFO: [ view_parse ] --END-- [ RunTime:0.119007s ]
INFO: [ view_filter ] --START--
INFO: Run Behavior\WriteHtmlCacheBehavior [ RunTime:0.012000s ]
INFO: [ view_filter ] --END-- [ RunTime:0.012000s ]
INFO: [ app_end ] --START--
INFO: Run Behavior\ShowPageTraceBehavior [ RunTime:0.015001s ]
INFO: [ app_end ] --END-- [ RunTime:0.016001s ]

[ 2015-04-27T14:40:30+08:00 ] ::1 /cs/index.php?m=Admin&c=Public&a=Login
INFO: [ app_init ] --START--
INFO: Run Behavior\BuildLiteBehavior [ RunTime:0.000000s ]
INFO: Run Common\Behavior\InitHookBehavior [ RunTime:0.004000s ]
INFO: [ app_init ] --END-- [ RunTime:0.005000s ]
INFO: [ app_begin ] --START--
INFO: Run Behavior\ReadHtmlCacheBehavior [ RunTime:0.001000s ]
INFO: [ app_begin ] --END-- [ RunTime:0.001000s ]
SQL: SHOW COLUMNS FROM `cs_config` [ RunTime:0.0040s ]
SQL: SELECT `value` FROM `cs_config` WHERE `name` = 'VERIFY_OPEN' LIMIT 1   [ RunTime:0.0000s ]
NOTIC: [8] Undefined index: lite D:\xampp\htdocs\CS\ThinkPHP\Library\Think\Db.class.php 第 37 行.

[ 2015-04-27T14:40:37+08:00 ] ::1 /cs/index.php?m=Admin&c=Public&a=Login
INFO: [ app_init ] --START--
INFO: Run Behavior\BuildLiteBehavior [ RunTime:0.000000s ]
INFO: Run Common\Behavior\InitHookBehavior [ RunTime:0.006001s ]
INFO: [ app_init ] --END-- [ RunTime:0.007001s ]
INFO: [ app_begin ] --START--
INFO: Run Behavior\ReadHtmlCacheBehavior [ RunTime:0.002000s ]
INFO: [ app_begin ] --END-- [ RunTime:0.002000s ]
SQL: SHOW COLUMNS FROM `cs_config` [ RunTime:0.0250s ]
SQL: SELECT `value` FROM `cs_config` WHERE `name` = 'VERIFY_OPEN' LIMIT 1   [ RunTime:0.0000s ]
NOTIC: [8] Undefined index: lite D:\xampp\htdocs\CS\ThinkPHP\Library\Think\Db.class.php 第 37 行.
SQL: SHOW COLUMNS FROM `cs_member` [ RunTime:0.1290s ]
SQL: SELECT `uid`,`nickname`,`name`,`sex`,`birthday`,`qq`,`score`,`login`,`reg_ip`,`reg_time`,`last_login_ip`,`last_login_time`,`status`,`signature`,`tox_money`,`pos_province`,`pos_city`,`pos_district`,`pos_community` FROM `cs_member` WHERE `uid` = 1 LIMIT 1   [ RunTime:0.0010s ]
SQL: UPDATE `cs_member` SET `login`=`login`+1,`last_login_time`='1430116836',`last_login_ip`='0' WHERE `uid` = 1 [ RunTime:0.0650s ]
SQL: SHOW COLUMNS FROM `cs_syslogs` [ RunTime:0.0530s ]
SQL: SHOW COLUMNS FROM `cs_node` [ RunTime:0.0810s ]
SQL: SELECT `title` FROM `cs_node` WHERE `name` = 'Login' AND `level` = 3 LIMIT 1   [ RunTime:0.0220s ]
NOTIC: [8] Undefined index: zs_admin D:\xampp\htdocs\CS\App\Admin\Controller\PublicController.class.php 第 59 行.
SQL: INSERT INTO `cs_syslogs` (`modulename`,`actionname`,`opname`,`message`,`userid`,`userip`,`create_time`) VALUES ('公共模块','Login','用户登录','成功','1','0.0.0.0','1430116837') [ RunTime:0.0470s ]

[ 2015-04-27T14:40:39+08:00 ] ::1 /cs/index.php?m=Admin&c=Index&a=index
INFO: [ app_init ] --START--
INFO: Run Behavior\BuildLiteBehavior [ RunTime:0.000000s ]
INFO: Run Common\Behavior\InitHookBehavior [ RunTime:0.003000s ]
INFO: [ app_init ] --END-- [ RunTime:0.004000s ]
INFO: [ app_begin ] --START--
INFO: Run Behavior\ReadHtmlCacheBehavior [ RunTime:0.001000s ]
INFO: [ app_begin ] --END-- [ RunTime:0.001000s ]
SQL: SHOW COLUMNS FROM `cs_role_user` [ RunTime:0.1020s ]
SQL: SELECT `user_id` FROM `cs_role_user`  [ RunTime:0.0010s ]
SQL: SHOW COLUMNS FROM `cs_mrole_user` [ RunTime:0.0520s ]
SQL: DELETE FROM `cs_mrole_user` WHERE `user_id` = 1 [ RunTime:0.0000s ]
SQL: DELETE FROM `cs_mrole_user` WHERE `user_id` = 504 [ RunTime:0.0010s ]
SQL: SELECT `user_id` FROM `cs_role_user` WHERE ( role_id=4 )  [ RunTime:0.0010s ]
SQL: SHOW COLUMNS FROM `cs_teacher` [ RunTime:0.0690s ]
SQL: SELECT COUNT(*) AS tp_count FROM `cs_teacher` WHERE `id` = 504 LIMIT 1   [ RunTime:0.0390s ]
SQL: SELECT `user_id` FROM `cs_mrole_user` WHERE ( role_id=1 )  [ RunTime:0.0010s ]
SQL: SHOW COLUMNS FROM `cs_student` [ RunTime:0.0700s ]
SQL: SELECT COUNT(*) AS tp_count FROM `cs_student` WHERE `id` = 502 LIMIT 1   [ RunTime:0.0010s ]
SQL: SELECT COUNT(*) AS tp_count FROM `cs_student` WHERE `id` = 505 LIMIT 1   [ RunTime:0.0060s ]
SQL: SHOW COLUMNS FROM `cs_faculty` [ RunTime:0.0760s ]
SQL: SELECT * FROM `cs_faculty` WHERE ( status=1 ) ORDER BY sort ASC  [ RunTime:0.0130s ]
SQL: SHOW COLUMNS FROM `cs_subject` [ RunTime:0.0650s ]
SQL: SELECT * FROM `cs_subject` WHERE ( status=1 ) ORDER BY sort  [ RunTime:0.0020s ]
SQL: SHOW COLUMNS FROM `cs_course` [ RunTime:0.0920s ]
SQL: SELECT * FROM `cs_course` WHERE ( status=1 ) ORDER BY sort  [ RunTime:0.0010s ]
SQL: SELECT * FROM `cs_teacher` WHERE ( status=1 ) ORDER BY sort  [ RunTime:0.0010s ]
SQL: SHOW COLUMNS FROM `cs_group` [ RunTime:0.0670s ]
SQL: SELECT * FROM `cs_group` WHERE `status` = 1 ORDER BY sort asc  [ RunTime:0.0010s ]
SQL: SHOW COLUMNS FROM `cs_node` [ RunTime:0.0090s ]
SQL: SELECT `id`,`name`,`group_id`,`title`,`remark`,`icon` FROM `cs_node` WHERE `level` = 2 AND `status` = 1 AND `pid` = 1 ORDER BY sort asc  [ RunTime:0.0130s ]
SQL: SHOW COLUMNS FROM `cs_addons` [ RunTime:0.0620s ]
SQL: SELECT `title`,`name` FROM `cs_addons` WHERE ( status=1 AND has_adminlist=1 )  [ RunTime:0.0010s ]
SQL: SHOW COLUMNS FROM `cs_member` [ RunTime:0.0090s ]
SQL: SHOW COLUMNS FROM `cs_ucenter_member` [ RunTime:0.0080s ]
SQL: SHOW COLUMNS FROM `cs_member` [ RunTime:0.0060s ]
SQL: SELECT `nickname` FROM `cs_member` WHERE `uid` = 1 LIMIT 1   [ RunTime:0.0010s ]
NOTIC: [8] Use of undefined constant ZS_ADDON_PATH - assumed 'ZS_ADDON_PATH' D:\xampp\htdocs\CS\App\Common\Controller\Addon.class.php 第 39 行.
SQL: SHOW COLUMNS FROM `cs_avatar` [ RunTime:0.1210s ]
SQL: SELECT * FROM `cs_avatar` WHERE `uid` = 1 AND `status` = 1 AND `is_temp` = 0 LIMIT 1   [ RunTime:0.0010s ]
NOTIC: [8] Undefined index: nickname D:\xampp\htdocs\CS\App\Common\Common\user.php 第 338 行.
SQL: SHOW COLUMNS FROM `cs_article` [ RunTime:0.0530s ]
SQL: SELECT SUM(view) AS tp_sum FROM `cs_article` WHERE `status` = 1 LIMIT 1   [ RunTime:0.0200s ]
SQL: SELECT COUNT(*) AS tp_count FROM `cs_article` WHERE `status` = 1 LIMIT 1   [ RunTime:0.0010s ]
SQL: SHOW COLUMNS FROM `cs_member` [ RunTime:0.0090s ]
SQL: SELECT COUNT(*) AS tp_count FROM `cs_member` WHERE `status` = 1 LIMIT 1   [ RunTime:0.0010s ]
SQL: SHOW COLUMNS FROM `cs_syslogs` [ RunTime:0.0240s ]
SQL: SELECT * FROM `cs_syslogs` ORDER BY id desc LIMIT 10   [ RunTime:0.0180s ]
INFO: [ view_begin ] --START--
INFO: Run Common\Behavior\basictemplateBehavior [ RunTime:0.002000s ]
INFO: [ view_begin ] --END-- [ RunTime:0.003000s ]
INFO: [ view_parse ] --START--
INFO: [ template_filter ] --START--
INFO: Run Behavior\ContentReplaceBehavior [ RunTime:0.000000s ]
INFO: [ template_filter ] --END-- [ RunTime:0.000000s ]
NOTIC: [8] Undefined index: hassub D:\xampp\htdocs\CS\Runtime\App\Cache\Admin\9df924d9a2d217daa77a359c5bee0c33.php 第 56 行.
NOTIC: [8] Undefined index: hassub D:\xampp\htdocs\CS\Runtime\App\Cache\Admin\9df924d9a2d217daa77a359c5bee0c33.php 第 56 行.
NOTIC: [8] Undefined index: hassub D:\xampp\htdocs\CS\Runtime\App\Cache\Admin\9df924d9a2d217daa77a359c5bee0c33.php 第 56 行.
NOTIC: [8] Undefined index: hassub D:\xampp\htdocs\CS\Runtime\App\Cache\Admin\9df924d9a2d217daa77a359c5bee0c33.php 第 56 行.
NOTIC: [8] Undefined index: hassub D:\xampp\htdocs\CS\Runtime\App\Cache\Admin\9df924d9a2d217daa77a359c5bee0c33.php 第 56 行.
NOTIC: [8] Undefined index: hassub D:\xampp\htdocs\CS\Runtime\App\Cache\Admin\9df924d9a2d217daa77a359c5bee0c33.php 第 56 行.
NOTIC: [8] Undefined index: hassub D:\xampp\htdocs\CS\Runtime\App\Cache\Admin\9df924d9a2d217daa77a359c5bee0c33.php 第 56 行.
NOTIC: [8] Undefined index: hassub D:\xampp\htdocs\CS\Runtime\App\Cache\Admin\9df924d9a2d217daa77a359c5bee0c33.php 第 56 行.
NOTIC: [8] Undefined index: hassub D:\xampp\htdocs\CS\Runtime\App\Cache\Admin\9df924d9a2d217daa77a359c5bee0c33.php 第 56 行.
NOTIC: [8] Undefined index: hassub D:\xampp\htdocs\CS\Runtime\App\Cache\Admin\9df924d9a2d217daa77a359c5bee0c33.php 第 56 行.
NOTIC: [8] Undefined index: hassub D:\xampp\htdocs\CS\Runtime\App\Cache\Admin\9df924d9a2d217daa77a359c5bee0c33.php 第 56 行.
NOTIC: [8] Undefined index: hassub D:\xampp\htdocs\CS\Runtime\App\Cache\Admin\9df924d9a2d217daa77a359c5bee0c33.php 第 56 行.
NOTIC: [8] Undefined index: hassub D:\xampp\htdocs\CS\Runtime\App\Cache\Admin\9df924d9a2d217daa77a359c5bee0c33.php 第 56 行.
NOTIC: [8] Undefined index: hassub D:\xampp\htdocs\CS\Runtime\App\Cache\Admin\9df924d9a2d217daa77a359c5bee0c33.php 第 56 行.
NOTIC: [8] Undefined index: hassub D:\xampp\htdocs\CS\Runtime\App\Cache\Admin\9df924d9a2d217daa77a359c5bee0c33.php 第 56 行.
NOTIC: [8] Undefined index: hassub D:\xampp\htdocs\CS\Runtime\App\Cache\Admin\9df924d9a2d217daa77a359c5bee0c33.php 第 56 行.
NOTIC: [8] Undefined index: hassub D:\xampp\htdocs\CS\Runtime\App\Cache\Admin\9df924d9a2d217daa77a359c5bee0c33.php 第 56 行.
NOTIC: [8] Undefined index: hassub D:\xampp\htdocs\CS\Runtime\App\Cache\Admin\9df924d9a2d217daa77a359c5bee0c33.php 第 56 行.
NOTIC: [8] Undefined index: hassub D:\xampp\htdocs\CS\Runtime\App\Cache\Admin\9df924d9a2d217daa77a359c5bee0c33.php 第 56 行.
NOTIC: [8] Undefined index: hassub D:\xampp\htdocs\CS\Runtime\App\Cache\Admin\9df924d9a2d217daa77a359c5bee0c33.php 第 56 行.
NOTIC: [8] Undefined index: hassub D:\xampp\htdocs\CS\Runtime\App\Cache\Admin\9df924d9a2d217daa77a359c5bee0c33.php 第 56 行.
NOTIC: [8] Undefined index: hassub D:\xampp\htdocs\CS\Runtime\App\Cache\Admin\9df924d9a2d217daa77a359c5bee0c33.php 第 56 行.
NOTIC: [8] Undefined index: hassub D:\xampp\htdocs\CS\Runtime\App\Cache\Admin\9df924d9a2d217daa77a359c5bee0c33.php 第 56 行.
NOTIC: [8] Undefined index: hassub D:\xampp\htdocs\CS\Runtime\App\Cache\Admin\9df924d9a2d217daa77a359c5bee0c33.php 第 56 行.
NOTIC: [8] Undefined index: hassub D:\xampp\htdocs\CS\Runtime\App\Cache\Admin\9df924d9a2d217daa77a359c5bee0c33.php 第 56 行.
NOTIC: [8] Undefined index: hassub D:\xampp\htdocs\CS\Runtime\App\Cache\Admin\9df924d9a2d217daa77a359c5bee0c33.php 第 56 行.
NOTIC: [8] Undefined index: id D:\xampp\htdocs\CS\Runtime\App\Cache\Admin\9df924d9a2d217daa77a359c5bee0c33.php 第 294 行.
INFO: Run Behavior\ParseTemplateBehavior [ RunTime:0.052003s ]
INFO: [ view_parse ] --END-- [ RunTime:0.052003s ]
INFO: [ view_filter ] --START--
INFO: Run Behavior\WriteHtmlCacheBehavior [ RunTime:0.001000s ]
INFO: [ view_filter ] --END-- [ RunTime:0.001000s ]
INFO: [ app_end ] --START--
INFO: Run Behavior\ShowPageTraceBehavior [ RunTime:0.003000s ]
INFO: [ app_end ] --END-- [ RunTime:0.003000s ]

[ 2015-04-27T14:40:47+08:00 ] ::1 /cs/index.php?m=Admin&c=Member&a=index
INFO: [ app_init ] --START--
INFO: Run Behavior\BuildLiteBehavior [ RunTime:0.000000s ]
INFO: Run Common\Behavior\InitHookBehavior [ RunTime:0.003000s ]
INFO: [ app_init ] --END-- [ RunTime:0.004000s ]
INFO: [ app_begin ] --START--
INFO: Run Behavior\ReadHtmlCacheBehavior [ RunTime:0.001000s ]
INFO: [ app_begin ] --END-- [ RunTime:0.001000s ]
NOTIC: [2048] Declaration of Admin\Controller\MemberController::edit() should be compatible with Admin\Controller\CommonController::edit($html = '') D:\xampp\htdocs\CS\App\Admin\Controller\MemberController.class.php 第 7 行.
SQL: SHOW COLUMNS FROM `cs_role_user` [ RunTime:0.0030s ]
SQL: SELECT `user_id` FROM `cs_role_user`  [ RunTime:0.0010s ]
SQL: SHOW COLUMNS FROM `cs_mrole_user` [ RunTime:0.0040s ]
SQL: DELETE FROM `cs_mrole_user` WHERE `user_id` = 1 [ RunTime:0.0000s ]
SQL: DELETE FROM `cs_mrole_user` WHERE `user_id` = 504 [ RunTime:0.0000s ]
SQL: SELECT `user_id` FROM `cs_role_user` WHERE ( role_id=4 )  [ RunTime:0.0000s ]
SQL: SHOW COLUMNS FROM `cs_teacher` [ RunTime:0.0040s ]
SQL: SELECT COUNT(*) AS tp_count FROM `cs_teacher` WHERE `id` = 504 LIMIT 1   [ RunTime:0.0010s ]
SQL: SELECT `user_id` FROM `cs_mrole_user` WHERE ( role_id=1 )  [ RunTime:0.0010s ]
SQL: SHOW COLUMNS FROM `cs_student` [ RunTime:0.0040s ]
SQL: SELECT COUNT(*) AS tp_count FROM `cs_student` WHERE `id` = 502 LIMIT 1   [ RunTime:0.0000s ]
SQL: SELECT COUNT(*) AS tp_count FROM `cs_student` WHERE `id` = 505 LIMIT 1   [ RunTime:0.0000s ]
SQL: SHOW COLUMNS FROM `cs_faculty` [ RunTime:0.0040s ]
SQL: SELECT * FROM `cs_faculty` WHERE ( status=1 ) ORDER BY sort ASC  [ RunTime:0.0000s ]
SQL: SHOW COLUMNS FROM `cs_subject` [ RunTime:0.0030s ]
SQL: SELECT * FROM `cs_subject` WHERE ( status=1 ) ORDER BY sort  [ RunTime:0.0010s ]
SQL: SHOW COLUMNS FROM `cs_course` [ RunTime:0.0040s ]
SQL: SELECT * FROM `cs_course` WHERE ( status=1 ) ORDER BY sort  [ RunTime:0.0010s ]
SQL: SELECT * FROM `cs_teacher` WHERE ( status=1 ) ORDER BY sort  [ RunTime:0.0000s ]
SQL: SHOW COLUMNS FROM `cs_group` [ RunTime:0.0040s ]
SQL: SELECT * FROM `cs_group` WHERE `status` = 1 ORDER BY sort asc  [ RunTime:0.0000s ]
SQL: SHOW COLUMNS FROM `cs_node` [ RunTime:0.0040s ]
SQL: SELECT `id`,`name`,`group_id`,`title`,`remark`,`icon` FROM `cs_node` WHERE `level` = 2 AND `status` = 1 AND `pid` = 1 ORDER BY sort asc  [ RunTime:0.0010s ]
SQL: SHOW COLUMNS FROM `cs_addons` [ RunTime:0.0050s ]
SQL: SELECT `title`,`name` FROM `cs_addons` WHERE ( status=1 AND has_adminlist=1 )  [ RunTime:0.0000s ]
SQL: SHOW COLUMNS FROM `cs_node` [ RunTime:0.0040s ]
SQL: SELECT * FROM `cs_node` WHERE `remark` = 'index' AND `name` = 'Member' LIMIT 1   [ RunTime:0.0000s ]
SQL: SELECT * FROM `cs_node` WHERE `level` = 2 AND `name` = 'Member' AND `remark` = '' LIMIT 1   [ RunTime:0.0010s ]
SQL: SHOW COLUMNS FROM `cs_group` [ RunTime:0.0040s ]
SQL: SELECT `id`,`title` FROM `cs_group`  [ RunTime:0.0010s ]
SQL: SHOW COLUMNS FROM `cs_member` [ RunTime:0.0050s ]
SQL: SHOW COLUMNS FROM `cs_ucenter_member` [ RunTime:0.0040s ]
SQL: SHOW COLUMNS FROM `cs_member` [ RunTime:0.0040s ]
SQL: SELECT `nickname` FROM `cs_member` WHERE `uid` = 1 LIMIT 1   [ RunTime:0.0000s ]
NOTIC: [8] Use of undefined constant ZS_ADDON_PATH - assumed 'ZS_ADDON_PATH' D:\xampp\htdocs\CS\App\Common\Controller\Addon.class.php 第 39 行.
SQL: SHOW COLUMNS FROM `cs_avatar` [ RunTime:0.0040s ]
SQL: SELECT * FROM `cs_avatar` WHERE `uid` = 1 AND `status` = 1 AND `is_temp` = 0 LIMIT 1   [ RunTime:0.0000s ]
NOTIC: [8] Undefined index: nickname D:\xampp\htdocs\CS\App\Common\Common\user.php 第 338 行.
SQL: SHOW COLUMNS FROM `cs_member` [ RunTime:0.0040s ]
NOTIC: [8] Undefined index: nickname D:\xampp\htdocs\CS\App\Admin\Controller\MemberController.class.php 第 11 行.
SQL: SELECT * FROM `cs_member` WHERE `nickname` LIKE '%%'  [ RunTime:0.0170s ]
INFO: [ view_begin ] --START--
INFO: Run Common\Behavior\basictemplateBehavior [ RunTime:0.001000s ]
INFO: [ view_begin ] --END-- [ RunTime:0.001000s ]
INFO: [ view_parse ] --START--
INFO: [ template_filter ] --START--
INFO: Run Behavior\ContentReplaceBehavior [ RunTime:0.000000s ]
INFO: [ template_filter ] --END-- [ RunTime:0.000000s ]
NOTIC: [8] Undefined index: hassub D:\xampp\htdocs\CS\Runtime\App\Cache\Admin\24a7b615857159f3d4f882795b651d68.php 第 56 行.
NOTIC: [8] Undefined index: hassub D:\xampp\htdocs\CS\Runtime\App\Cache\Admin\24a7b615857159f3d4f882795b651d68.php 第 56 行.
NOTIC: [8] Undefined index: hassub D:\xampp\htdocs\CS\Runtime\App\Cache\Admin\24a7b615857159f3d4f882795b651d68.php 第 56 行.
NOTIC: [8] Undefined index: hassub D:\xampp\htdocs\CS\Runtime\App\Cache\Admin\24a7b615857159f3d4f882795b651d68.php 第 56 行.
NOTIC: [8] Undefined index: hassub D:\xampp\htdocs\CS\Runtime\App\Cache\Admin\24a7b615857159f3d4f882795b651d68.php 第 56 行.
NOTIC: [8] Undefined index: hassub D:\xampp\htdocs\CS\Runtime\App\Cache\Admin\24a7b615857159f3d4f882795b651d68.php 第 56 行.
NOTIC: [8] Undefined index: hassub D:\xampp\htdocs\CS\Runtime\App\Cache\Admin\24a7b615857159f3d4f882795b651d68.php 第 56 行.
NOTIC: [8] Undefined index: hassub D:\xampp\htdocs\CS\Runtime\App\Cache\Admin\24a7b615857159f3d4f882795b651d68.php 第 56 行.
NOTIC: [8] Undefined index: hassub D:\xampp\htdocs\CS\Runtime\App\Cache\Admin\24a7b615857159f3d4f882795b651d68.php 第 56 行.
NOTIC: [8] Undefined index: hassub D:\xampp\htdocs\CS\Runtime\App\Cache\Admin\24a7b615857159f3d4f882795b651d68.php 第 56 行.
NOTIC: [8] Undefined index: hassub D:\xampp\htdocs\CS\Runtime\App\Cache\Admin\24a7b615857159f3d4f882795b651d68.php 第 56 行.
NOTIC: [8] Undefined index: hassub D:\xampp\htdocs\CS\Runtime\App\Cache\Admin\24a7b615857159f3d4f882795b651d68.php 第 56 行.
NOTIC: [8] Undefined index: hassub D:\xampp\htdocs\CS\Runtime\App\Cache\Admin\24a7b615857159f3d4f882795b651d68.php 第 56 行.
NOTIC: [8] Undefined index: hassub D:\xampp\htdocs\CS\Runtime\App\Cache\Admin\24a7b615857159f3d4f882795b651d68.php 第 56 行.
NOTIC: [8] Undefined index: hassub D:\xampp\htdocs\CS\Runtime\App\Cache\Admin\24a7b615857159f3d4f882795b651d68.php 第 56 行.
NOTIC: [8] Undefined index: hassub D:\xampp\htdocs\CS\Runtime\App\Cache\Admin\24a7b615857159f3d4f882795b651d68.php 第 56 行.
NOTIC: [8] Undefined index: hassub D:\xampp\htdocs\CS\Runtime\App\Cache\Admin\24a7b615857159f3d4f882795b651d68.php 第 56 行.
NOTIC: [8] Undefined index: hassub D:\xampp\htdocs\CS\Runtime\App\Cache\Admin\24a7b615857159f3d4f882795b651d68.php 第 56 行.
NOTIC: [8] Undefined index: hassub D:\xampp\htdocs\CS\Runtime\App\Cache\Admin\24a7b615857159f3d4f882795b651d68.php 第 56 行.
NOTIC: [8] Undefined index: hassub D:\xampp\htdocs\CS\Runtime\App\Cache\Admin\24a7b615857159f3d4f882795b651d68.php 第 56 行.
NOTIC: [8] Undefined index: hassub D:\xampp\htdocs\CS\Runtime\App\Cache\Admin\24a7b615857159f3d4f882795b651d68.php 第 56 行.
NOTIC: [8] Undefined index: hassub D:\xampp\htdocs\CS\Runtime\App\Cache\Admin\24a7b615857159f3d4f882795b651d68.php 第 56 行.
NOTIC: [8] Undefined index: hassub D:\xampp\htdocs\CS\Runtime\App\Cache\Admin\24a7b615857159f3d4f882795b651d68.php 第 56 行.
NOTIC: [8] Undefined index: hassub D:\xampp\htdocs\CS\Runtime\App\Cache\Admin\24a7b615857159f3d4f882795b651d68.php 第 56 行.
NOTIC: [8] Undefined index: hassub D:\xampp\htdocs\CS\Runtime\App\Cache\Admin\24a7b615857159f3d4f882795b651d68.php 第 56 行.
NOTIC: [8] Undefined index: hassub D:\xampp\htdocs\CS\Runtime\App\Cache\Admin\24a7b615857159f3d4f882795b651d68.php 第 56 行.
NOTIC: [8] Undefined index: nickname D:\xampp\htdocs\CS\Runtime\App\Cache\Admin\24a7b615857159f3d4f882795b651d68.php 第 166 行.
NOTIC: [8] Undefined index: lite D:\xampp\htdocs\CS\ThinkPHP\Library\Think\Db.class.php 第 37 行.
NOTIC: [8] Use of undefined constant ZS_ADDON_PATH - assumed 'ZS_ADDON_PATH' D:\xampp\htdocs\CS\App\Common\Controller\Addon.class.php 第 39 行.
NOTIC: [8] Undefined index: nickname D:\xampp\htdocs\CS\App\Common\Common\user.php 第 338 行.
SQL: SHOW COLUMNS FROM `cs_mrole_user` [ RunTime:0.0050s ]
SQL: SELECT * FROM `cs_mrole_user` WHERE ( user_id=1 ) LIMIT 1   [ RunTime:0.0010s ]
SQL: SHOW COLUMNS FROM `cs_role_user` [ RunTime:0.0170s ]
SQL: SELECT * FROM `cs_role_user` WHERE ( user_id=1 ) LIMIT 1   [ RunTime:0.0010s ]
SQL: SHOW COLUMNS FROM `cs_role` [ RunTime:0.0350s ]
SQL: SELECT `id`,`name` FROM `cs_role`  [ RunTime:0.0000s ]
NOTIC: [8] Use of undefined constant ZS_ADDON_PATH - assumed 'ZS_ADDON_PATH' D:\xampp\htdocs\CS\App\Common\Controller\Addon.class.php 第 39 行.
NOTIC: [8] Undefined index: nickname D:\xampp\htdocs\CS\App\Common\Common\user.php 第 338 行.
SQL: SELECT * FROM `cs_mrole_user` WHERE ( user_id=502 ) LIMIT 1   [ RunTime:0.0000s ]
SQL: SHOW COLUMNS FROM `cs_mrole` [ RunTime:0.0570s ]
SQL: SELECT `id`,`name` FROM `cs_mrole`  [ RunTime:0.0010s ]
SQL: SELECT * FROM `cs_role_user` WHERE ( user_id=502 ) LIMIT 1   [ RunTime:0.0000s ]
NOTIC: [8] Use of undefined constant ZS_ADDON_PATH - assumed 'ZS_ADDON_PATH' D:\xampp\htdocs\CS\App\Common\Controller\Addon.class.php 第 39 行.
NOTIC: [8] Undefined index: nickname D:\xampp\htdocs\CS\App\Common\Common\user.php 第 338 行.
SQL: SELECT * FROM `cs_mrole_user` WHERE ( user_id=503 ) LIMIT 1   [ RunTime:0.0010s ]
SQL: SELECT * FROM `cs_role_user` WHERE ( user_id=503 ) LIMIT 1   [ RunTime:0.0000s ]
NOTIC: [8] Use of undefined constant ZS_ADDON_PATH - assumed 'ZS_ADDON_PATH' D:\xampp\htdocs\CS\App\Common\Controller\Addon.class.php 第 39 行.
NOTIC: [8] Undefined index: nickname D:\xampp\htdocs\CS\App\Common\Common\user.php 第 338 行.
SQL: SELECT * FROM `cs_mrole_user` WHERE ( user_id=504 ) LIMIT 1   [ RunTime:0.0000s ]
SQL: SELECT * FROM `cs_role_user` WHERE ( user_id=504 ) LIMIT 1   [ RunTime:0.0000s ]
SQL: SELECT `id`,`name` FROM `cs_role`  [ RunTime:0.0010s ]
NOTIC: [8] Use of undefined constant ZS_ADDON_PATH - assumed 'ZS_ADDON_PATH' D:\xampp\htdocs\CS\App\Common\Controller\Addon.class.php 第 39 行.
NOTIC: [8] Undefined index: nickname D:\xampp\htdocs\CS\App\Common\Common\user.php 第 338 行.
SQL: SELECT * FROM `cs_mrole_user` WHERE ( user_id=505 ) LIMIT 1   [ RunTime:0.0000s ]
SQL: SELECT `id`,`name` FROM `cs_mrole`  [ RunTime:0.0000s ]
SQL: SELECT * FROM `cs_role_user` WHERE ( user_id=505 ) LIMIT 1   [ RunTime:0.0000s ]
NOTIC: [8] Use of undefined constant ZS_ADDON_PATH - assumed 'ZS_ADDON_PATH' D:\xampp\htdocs\CS\App\Common\Controller\Addon.class.php 第 39 行.
NOTIC: [8] Undefined index: nickname D:\xampp\htdocs\CS\App\Common\Common\user.php 第 338 行.
SQL: SELECT * FROM `cs_mrole_user` WHERE ( user_id=506 ) LIMIT 1   [ RunTime:0.0000s ]
SQL: SELECT * FROM `cs_role_user` WHERE ( user_id=506 ) LIMIT 1   [ RunTime:0.0010s ]
INFO: Run Behavior\ParseTemplateBehavior [ RunTime:0.202012s ]
INFO: [ view_parse ] --END-- [ RunTime:0.202012s ]
INFO: [ view_filter ] --START--
INFO: Run Behavior\WriteHtmlCacheBehavior [ RunTime:0.001000s ]
INFO: [ view_filter ] --END-- [ RunTime:0.001000s ]
INFO: [ app_end ] --START--
INFO: Run Behavior\ShowPageTraceBehavior [ RunTime:0.001000s ]
INFO: [ app_end ] --END-- [ RunTime:0.001000s ]

